INFO - 2024-10-25 04:20:22 --> Session: Class initialized using 'CodeIgniter\Session\Handlers\FileHandler' driver.
CRITICAL - 2024-10-25 04:20:22 --> ErrorException: Undefined array key "name"
[Method: GET, Route: backend/masterformatdatas]
in APPPATH\Views\backend_layout\navbar.php on line 10.
 1 APPPATH\Views\backend_layout\navbar.php(10): CodeIgniter\Debug\Exceptions->errorHandler(2, 'Undefined array key "name"', 'C:\\xampp\\htdocs\\app\\app\\Views\\backend_layout\\navbar.php', 10)
 2 SYSTEMPATH\View\View.php(234): include('C:\\xampp\\htdocs\\app\\app\\Views\\backend_layout\\navbar.php')
 3 SYSTEMPATH\View\View.php(237): CodeIgniter\View\View->CodeIgniter\View\{closure}()
 4 SYSTEMPATH\View\View.php(487): CodeIgniter\View\View->render('backend_layout/navbar', null, true)
 5 APPPATH\Views\backend_layout\layout.php(2): CodeIgniter\View\View->include('backend_layout/navbar')
 6 SYSTEMPATH\View\View.php(234): include('C:\\xampp\\htdocs\\app\\app\\Views\\backend_layout\\layout.php')
 7 SYSTEMPATH\View\View.php(237): CodeIgniter\View\View->CodeIgniter\View\{closure}()
 8 SYSTEMPATH\View\View.php(250): CodeIgniter\View\View->render('backend_layout/layout', [], true)
 9 SYSTEMPATH\Common.php(1171): CodeIgniter\View\View->render('backend/masterformatdata/index', [], true)
10 APPPATH\Controllers\Backend\Masterformatdatas.php(26): view('backend/masterformatdata/index', [...])
11 SYSTEMPATH\CodeIgniter.php(933): App\Controllers\Backend\Masterformatdatas->index()
12 SYSTEMPATH\CodeIgniter.php(509): CodeIgniter\CodeIgniter->runController(Object(App\Controllers\Backend\Masterformatdatas))
13 SYSTEMPATH\CodeIgniter.php(355): CodeIgniter\CodeIgniter->handleRequest(null, Object(Config\Cache), false)
14 SYSTEMPATH\Boot.php(325): CodeIgniter\CodeIgniter->run()
15 SYSTEMPATH\Boot.php(67): CodeIgniter\Boot::runCodeIgniter(Object(CodeIgniter\CodeIgniter))
16 FCPATH\index.php(56): CodeIgniter\Boot::bootWeb(Object(Config\Paths))
17 SYSTEMPATH\rewrite.php(44): require_once('C:\\xampp\\htdocs\\app\\public\\index.php')
